<?xml version="1.0" encoding="UTF-8"?>
<!-- Generated by org.testng.reporters.JUnitReportReporter -->
<testsuite hostname="LAPTOP-3BL16AQ1" failures="0" tests="4" name="TestNgAssertions.TestNGExample_SoftAssertion" time="2.857" errors="0" timestamp="2022-12-16T18:38:12 IST" skipped="0">
  <testcase classname="TestNgAssertions.TestNGExample_SoftAssertion" name="enterUsername" time="0.498"/>
  <system-out/>
  <testcase classname="TestNgAssertions.TestNGExample_SoftAssertion" name="verifyTitle" time="0.083"/>
  <system-out/>
  <testcase classname="TestNgAssertions.TestNGExample_SoftAssertion" name="clickLogin" time="1.866"/>
  <system-out/>
  <testcase classname="TestNgAssertions.TestNGExample_SoftAssertion" name="enterPassword" time="0.410"/>
  <system-out/>
</testsuite> <!-- TestNgAssertions.TestNGExample_SoftAssertion -->
