<?xml version="1.0" encoding="UTF-8"?>
<!-- Generated by org.testng.reporters.JUnitReportReporter -->
<testsuite hostname="LAPTOP-3BL16AQ1" failures="0" tests="11" name="Tests.TestNGExample_InvocationCount" time="1.541" errors="0" timestamp="2022-12-17T08:57:36 IST" skipped="0">
  <testcase classname="Tests.TestNGExample_InvocationCount" name="enterUsername" time="0.101"/>
  <system-out/>
  <testcase classname="Tests.TestNGExample_InvocationCount" name="enterUsername" time="0.133"/>
  <system-out/>
  <testcase classname="Tests.TestNGExample_InvocationCount" name="enterUsername" time="0.090"/>
  <system-out/>
  <testcase classname="Tests.TestNGExample_InvocationCount" name="enterUsername" time="0.134"/>
  <system-out/>
  <testcase classname="Tests.TestNGExample_InvocationCount" name="enterUsername" time="0.195"/>
  <system-out/>
  <testcase classname="Tests.TestNGExample_InvocationCount" name="enterUsername" time="0.095"/>
  <system-out/>
  <testcase classname="Tests.TestNGExample_InvocationCount" name="enterUsername" time="0.115"/>
  <system-out/>
  <testcase classname="Tests.TestNGExample_InvocationCount" name="enterUsername" time="0.099"/>
  <system-out/>
  <testcase classname="Tests.TestNGExample_InvocationCount" name="enterPassword" time="0.293"/>
  <system-out/>
  <testcase classname="Tests.TestNGExample_InvocationCount" name="enterUsername" time="0.177"/>
  <system-out/>
  <testcase classname="Tests.TestNGExample_InvocationCount" name="enterUsername" time="0.109"/>
  <system-out/>
</testsuite> <!-- Tests.TestNGExample_InvocationCount -->
