<?xml version="1.0" encoding="UTF-8"?>
<!-- Generated by org.testng.reporters.JUnitReportReporter -->
<testsuite hostname="LAPTOP-3BL16AQ1" failures="0" tests="3" name="Listeners.LoginTest" time="2.233" errors="0" timestamp="2022-12-18T08:18:48 IST" skipped="0">
  <testcase classname="Listeners.LoginTest" name="enter_Username" time="1.528"/>
  <system-out/>
  <testcase classname="Listeners.LoginTest" name="enter_password" time="0.394"/>
  <system-out/>
  <testcase classname="Listeners.LoginTest" name="clickLogin" time="0.311"/>
  <system-out/>
</testsuite> <!-- Listeners.LoginTest -->
