<?xml version="1.0" encoding="UTF-8"?>
<!-- Generated by org.testng.reporters.JUnitReportReporter -->
<testsuite hostname="LAPTOP-3BL16AQ1" failures="0" tests="3" name="ExtentReports.ExtentReportExample2" time="5.728" errors="0" timestamp="2022-12-18T08:40:50 IST" skipped="0">
  <testcase classname="ExtentReports.ExtentReportExample2" name="loginToOrangeHRM" time="3.066"/>
  <system-out/>
  <testcase classname="ExtentReports.ExtentReportExample2" name="clickUserManagement" time="2.584"/>
  <system-out/>
  <testcase classname="ExtentReports.ExtentReportExample2" name="clickLogout" time="0.078"/>
  <system-out/>
</testsuite> <!-- ExtentReports.ExtentReportExample2 -->
