<?xml version="1.0" encoding="UTF-8"?>
<!-- Generated by org.testng.reporters.JUnitReportReporter -->
<testsuite hostname="LAPTOP-3BL16AQ1" failures="0" tests="3" name="TestNg.TestNGExample_RealTime_Chrome" time="2.224" errors="0" timestamp="2022-12-14T19:09:25 IST" skipped="0">
  <testcase classname="TestNg.TestNGExample_RealTime_Chrome" name="enterUsername" time="1.235"/>
  <system-out/>
  <testcase classname="TestNg.TestNGExample_RealTime_Chrome" name="enterPassword" time="0.660"/>
  <system-out/>
  <testcase classname="TestNg.TestNGExample_RealTime_Chrome" name="clickLogin" time="0.329"/>
  <system-out/>
</testsuite> <!-- TestNg.TestNGExample_RealTime_Chrome -->
