<?xml version="1.0" encoding="UTF-8"?>
<!-- Generated by org.testng.reporters.JUnitReportReporter -->
<testsuite hostname="LAPTOP-3BL16AQ1" failures="0" tests="1" name="TestNgScreenshots.TestNGExample_Screenshot_DynamicWay" time="1.397" errors="0" timestamp="2022-12-15T18:48:47 IST" skipped="0">
  <testcase classname="TestNgScreenshots.TestNGExample_Screenshot_DynamicWay" name="enterUsername" time="1.397"/>
  <system-out/>
</testsuite> <!-- TestNgScreenshots.TestNGExample_Screenshot_DynamicWay -->
