<?xml version="1.0" encoding="UTF-8"?>
<!-- Generated by org.testng.reporters.JUnitReportReporter -->
<testsuite hostname="LAPTOP-3BL16AQ1" failures="0" tests="4" name="Tests.LoginAndHome" time="18.059" errors="0" timestamp="2022-12-17T08:42:47 IST" skipped="0">
  <testcase classname="Tests.LoginAndHome" name="enter_Username" time="1.437"/>
  <system-out/>
  <testcase classname="Tests.LoginAndHome" name="enter_password" time="0.324"/>
  <system-out/>
  <testcase classname="Tests.LoginAndHome" name="clickLogin" time="0.255"/>
  <system-out/>
  <testcase classname="Tests.LoginAndHome" name="clickAdmin" time="16.043"/>
  <system-out/>
</testsuite> <!-- Tests.LoginAndHome -->
