<?xml version="1.0" encoding="UTF-8"?>
<!-- Generated by org.testng.reporters.JUnitReportReporter -->
<testsuite hostname="LAPTOP-3BL16AQ1" failures="0" tests="3" name="Tests.LoginTest" time="3.705" errors="0" timestamp="2022-12-17T08:26:14 IST" skipped="0">
  <testcase classname="Tests.LoginTest" name="enter_Username" time="2.504"/>
  <system-out/>
  <testcase classname="Tests.LoginTest" name="enter_password" time="0.622"/>
  <system-out/>
  <testcase classname="Tests.LoginTest" name="clickLogin" time="0.579"/>
  <system-out/>
</testsuite> <!-- Tests.LoginTest -->
