<?xml version="1.0" encoding="UTF-8"?>
<!-- Generated by org.testng.reporters.JUnitReportReporter -->
<testsuite hostname="LAPTOP-3BL16AQ1" failures="0" tests="3" name="TestNg.TestNGExample_Priority" time="2.703" errors="0" timestamp="2022-12-14T19:28:40 IST" skipped="0">
  <testcase classname="TestNg.TestNGExample_Priority" name="enterUsername" time="0.896"/>
  <system-out/>
  <testcase classname="TestNg.TestNGExample_Priority" name="enterPassword" time="0.246"/>
  <system-out/>
  <testcase classname="TestNg.TestNGExample_Priority" name="clickLogin" time="1.561"/>
  <system-out/>
</testsuite> <!-- TestNg.TestNGExample_Priority -->
