<?xml version="1.0" encoding="UTF-8"?>
<!-- Generated by org.testng.reporters.JUnitReportReporter -->
<testsuite hostname="LAPTOP-3BL16AQ1" failures="0" tests="6" name="TestNg.TestNGExample_InvocationCount" time="0.802" errors="0" timestamp="2022-12-14T19:43:12 IST" skipped="0">
  <testcase classname="TestNg.TestNGExample_InvocationCount" name="enterUsername" time="0.148"/>
  <system-out/>
  <testcase classname="TestNg.TestNGExample_InvocationCount" name="enterUsername" time="0.133"/>
  <system-out/>
  <testcase classname="TestNg.TestNGExample_InvocationCount" name="enterPassword" time="0.210"/>
  <system-out/>
  <testcase classname="TestNg.TestNGExample_InvocationCount" name="enterUsername" time="0.090"/>
  <system-out/>
  <testcase classname="TestNg.TestNGExample_InvocationCount" name="enterUsername" time="0.107"/>
  <system-out/>
  <testcase classname="TestNg.TestNGExample_InvocationCount" name="enterUsername" time="0.114"/>
  <system-out/>
</testsuite> <!-- TestNg.TestNGExample_InvocationCount -->
