<?xml version="1.0" encoding="UTF-8"?>
<!-- Generated by org.testng.reporters.JUnitReportReporter -->
<testsuite hostname="LAPTOP-3BL16AQ1" failures="0" tests="3" name="TestNg.TestNGExample_RealTime_Edge" time="3.250" errors="0" timestamp="2022-12-14T19:09:58 IST" skipped="0">
  <testcase classname="TestNg.TestNGExample_RealTime_Edge" name="enterUsername" time="0.586"/>
  <system-out/>
  <testcase classname="TestNg.TestNGExample_RealTime_Edge" name="enterPassword" time="0.372"/>
  <system-out/>
  <testcase classname="TestNg.TestNGExample_RealTime_Edge" name="clickLogin" time="2.292"/>
  <system-out/>
</testsuite> <!-- TestNg.TestNGExample_RealTime_Edge -->
