<?xml version="1.0" encoding="UTF-8"?>
<!-- Generated by org.testng.reporters.JUnitReportReporter -->
<testsuite hostname="LAPTOP-3BL16AQ1" failures="0" tests="3" name="ExtentReports.ExtentReportExample" time="10.025" errors="0" timestamp="2022-12-18T08:35:16 IST" skipped="0">
  <testcase classname="ExtentReports.ExtentReportExample" name="loginToOrangeHRM" time="3.255"/>
  <system-out/>
  <testcase classname="ExtentReports.ExtentReportExample" name="clickUserManagement" time="6.615"/>
  <system-out/>
  <testcase classname="ExtentReports.ExtentReportExample" name="clickLogout" time="0.155"/>
  <system-out/>
</testsuite> <!-- ExtentReports.ExtentReportExample -->
