<?xml version="1.0" encoding="UTF-8"?>
<!-- Generated by org.testng.reporters.JUnitReportReporter -->
<testsuite hostname="LAPTOP-3BL16AQ1" failures="0" tests="3" name="TestNg.TestNGExample_RealTime2" time="1.045" errors="0" timestamp="2022-12-13T19:50:30 IST" skipped="0">
  <testcase classname="TestNg.TestNGExample_RealTime2" name="enterUsername" time="0.232"/>
  <system-out/>
  <testcase classname="TestNg.TestNGExample_RealTime2" name="enterPassword" time="0.658"/>
  <system-out/>
  <testcase classname="TestNg.TestNGExample_RealTime2" name="clickLogin" time="0.155"/>
  <system-out/>
</testsuite> <!-- TestNg.TestNGExample_RealTime2 -->
