<?xml version="1.0" encoding="UTF-8"?>
<!-- Generated by org.testng.reporters.JUnitReportReporter -->
<testsuite hostname="LAPTOP-3BL16AQ1" failures="0" tests="3" name="TestNg.TestNGExample_Description" time="1.316" errors="0" timestamp="2022-12-14T19:31:18 IST" skipped="0">
  <testcase classname="TestNg.TestNGExample_Description" name="enterUsername" time="0.905"/>
  <system-out/>
  <testcase classname="TestNg.TestNGExample_Description" name="enterPassword" time="0.280"/>
  <system-out/>
  <testcase classname="TestNg.TestNGExample_Description" name="clickLogin" time="0.131"/>
  <system-out/>
</testsuite> <!-- TestNg.TestNGExample_Description -->
