<?xml version="1.0" encoding="UTF-8"?>
<!-- Generated by org.testng.reporters.JUnitReportReporter -->
<testsuite hostname="LAPTOP-3BL16AQ1" failures="0" tests="1" name="TestNg.TestNGExample" time="12.954" errors="0" timestamp="2022-12-13T19:46:45 IST" skipped="0">
  <testcase classname="TestNg.TestNGExample" name="verify" time="12.954"/>
  <system-out/>
</testsuite> <!-- TestNg.TestNGExample -->
