<?xml version="1.0" encoding="UTF-8"?>
<!-- Generated by org.testng.reporters.JUnitReportReporter -->
<testsuite hostname="LAPTOP-3BL16AQ1" failures="0" tests="1" name="TestNgAttributes.TestNGExample_Screenshot_StaticWay" time="0.786" errors="0" timestamp="2022-12-15T18:31:35 IST" skipped="0">
  <testcase classname="TestNgAttributes.TestNGExample_Screenshot_StaticWay" name="enterUsername" time="0.786"/>
  <system-out/>
</testsuite> <!-- TestNgAttributes.TestNGExample_Screenshot_StaticWay -->
