<?xml version="1.0" encoding="UTF-8"?>
<!-- Generated by org.testng.reporters.JUnitReportReporter -->
<testsuite hostname="LAPTOP-3BL16AQ1" failures="0" tests="3" name="TestNg.TestNGExample_Enabled" time="1.076" errors="0" timestamp="2022-12-14T19:37:44 IST" skipped="0">
  <testcase classname="TestNg.TestNGExample_Enabled" name="enterUsername" time="0.711"/>
  <system-out/>
  <testcase classname="TestNg.TestNGExample_Enabled" name="enterPassword" time="0.182"/>
  <system-out/>
  <testcase classname="TestNg.TestNGExample_Enabled" name="clickLogin" time="0.183"/>
  <system-out/>
</testsuite> <!-- TestNg.TestNGExample_Enabled -->
