<?xml version="1.0" encoding="UTF-8"?>
<!-- Generated by org.testng.reporters.JUnitReportReporter -->
<testsuite hostname="LAPTOP-3BL16AQ1" failures="0" tests="5" name="Tests.LoginAndClickOnUserManagement" time="22.470" errors="0" timestamp="2022-12-17T08:47:33 IST" skipped="0">
  <testcase classname="Tests.LoginAndClickOnUserManagement" name="enter_Username" time="1.345"/>
  <system-out/>
  <testcase classname="Tests.LoginAndClickOnUserManagement" name="enter_password" time="0.583"/>
  <system-out/>
  <testcase classname="Tests.LoginAndClickOnUserManagement" name="clickLogin" time="0.414"/>
  <system-out/>
  <testcase classname="Tests.LoginAndClickOnUserManagement" name="clickUserManagement" time="13.958"/>
  <system-out/>
  <testcase classname="Tests.LoginAndClickOnUserManagement" name="clickAdmin" time="6.170"/>
  <system-out/>
</testsuite> <!-- Tests.LoginAndClickOnUserManagement -->
