<?xml version="1.0" encoding="UTF-8"?>
<!-- Generated by org.testng.reporters.JUnitReportReporter -->
<testsuite hostname="LAPTOP-3BL16AQ1" failures="0" tests="3" name="Tests.ForgotPassword" time="47.863" errors="0" timestamp="2022-12-17T08:34:04 IST" skipped="0">
  <testcase classname="Tests.ForgotPassword" name="clickForgotpassword" time="28.052"/>
  <system-out/>
  <testcase classname="Tests.ForgotPassword" name="enter_Username" time="7.305"/>
  <system-out/>
  <testcase classname="Tests.ForgotPassword" name="clickCancel" time="12.506"/>
  <system-out/>
</testsuite> <!-- Tests.ForgotPassword -->
