<?xml version="1.0" encoding="UTF-8"?>
<!-- Generated by org.testng.reporters.JUnitReportReporter -->
<testsuite hostname="LAPTOP-3BL16AQ1" failures="0" tests="4" name="TestNgAttributes.TestNGExample_DataProviderAnnotation" time="2.591" errors="0" timestamp="2022-12-15T18:20:27 IST" skipped="0">
  <testcase classname="TestNgAttributes.TestNGExample_DataProviderAnnotation" name="enterUsername" time="0.772"/>
  <system-out/>
  <testcase classname="TestNgAttributes.TestNGExample_DataProviderAnnotation" name="enterUsername" time="0.617"/>
  <system-out/>
  <testcase classname="TestNgAttributes.TestNGExample_DataProviderAnnotation" name="enterUsername" time="0.648"/>
  <system-out/>
  <testcase classname="TestNgAttributes.TestNGExample_DataProviderAnnotation" name="enterUsername" time="0.554"/>
  <system-out/>
</testsuite> <!-- TestNgAttributes.TestNGExample_DataProviderAnnotation -->
